Arguments: 
  C:\Program Files\nodejs\node.exe C:\Program Files (x86)\Yarn\bin\yarn.js

PATH: 
  C:\WINDOWS\system32;C:\WINDOWS;C:\WINDOWS\System32\Wbem;C:\WINDOWS\System32\WindowsPowerShell\v1.0\;C:\WINDOWS\System32\OpenSSH\;C:\Program Files\nodejs\;C:\Program Files\Git\cmd;C:\Program Files (x86)\Yarn\bin\;C:\Users\hp\AppData\Local\Microsoft\WindowsApps;;C:\Users\hp\AppData\Local\Programs\Microsoft VS Code\bin;C:\Users\hp\AppData\Roaming\npm;C:\Users\hp\AppData\Local\Yarn\bin

Yarn version: 
  1.22.4

Node version: 
  18.12.1

Platform: 
  win32 x64

Trace: 
  Error: getaddrinfo EAI_AGAIN registry.yarnpkg.com
      at GetAddrInfoReqWrap.onlookup [as oncomplete] (node:dns:107:26)

npm manifest: 
  {
    "name": "NASA-API-PROJECT",
    "version": "1.0.0",
    "main": "index.js",
    "repository": "https://github.com/TechProff/Node-Backend-proj.git",
    "author": "TechProff <alan08037896270@outlook.com>",
    "license": "MIT",
    "scripts": {
      "install-server": "yarn --cwd server/src add",
      "install-client": "npm install --prefix client",
      "install": "yarn run install-server & yarn install-client",
      "watch": "yarn run server & yarn run client",
      "deploy": "npm run build --prefix client && yarn run server",
      "deploy-cluster": "npm run build --prefix client && yarn run server-cluster",
      "server": "yarn --cwd server/src watch",
      "server-cluster": "yarn --cwd server/src cluster",
      "client": "npm start --prefix client",
      "test": "yarn --cwd server/src test && npm test --prefix client"
    },
    "dependencies": {
      "jest": "^29.3.1",
      "supertest": "^6.3.3"
    }
  }

yarn manifest: 
  No manifest

Lockfile: 
  No lockfile
